<?xml version="1.0" encoding="UTF-8"?>
<!-- Generated by org.testng.reporters.JUnitReportReporter -->
<testsuite hostname="LTIN238012" failures="0" tests="4" name="testCases.Tc3_movies" time="27.640" errors="0" timestamp="2024-04-04T16:55:14 IST" skipped="0">
  <testcase classname="testCases.Tc3_movies" name="Movies_t1" time="8.202"/>
  <system-out/>
  <testcase classname="testCases.Tc3_movies" name="Movies_t1" time="8.286"/>
  <system-out/>
  <testcase classname="testCases.Tc3_movies" name="Movies_t2" time="5.584"/>
  <system-out/>
  <testcase classname="testCases.Tc3_movies" name="Movies_t2" time="5.568"/>
  <system-out/>
</testsuite> <!-- testCases.Tc3_movies -->
