<?xml version="1.0" encoding="UTF-8"?>
<!-- Generated by org.testng.reporters.JUnitReportReporter -->
<testsuite hostname="LTIN238012" failures="0" tests="4" name="testCases.Tc2_clicksports" time="40.869" errors="0" timestamp="2024-04-04T16:55:14 IST" skipped="0">
  <testcase classname="testCases.Tc2_clicksports" name="Sports_t1" time="13.277"/>
  <system-out/>
  <testcase classname="testCases.Tc2_clicksports" name="Sports_t1" time="13.276"/>
  <system-out/>
  <testcase classname="testCases.Tc2_clicksports" name="sports_t2" time="8.005"/>
  <system-out/>
  <testcase classname="testCases.Tc2_clicksports" name="sports_t2" time="6.311"/>
  <system-out/>
</testsuite> <!-- testCases.Tc2_clicksports -->
