<?xml version="1.0" encoding="UTF-8"?>
<!-- Generated by org.testng.reporters.JUnitReportReporter -->
<testsuite hostname="LTIN238012" failures="0" tests="10" name="testCases.Tc4_clickSignin" time="76.165" errors="0" timestamp="2024-04-04T16:55:14 IST" skipped="0">
  <testcase classname="testCases.Tc4_clickSignin" name="Signin_t1" time="0.178"/>
  <system-out/>
  <testcase classname="testCases.Tc4_clickSignin" name="Signin_t1" time="0.155"/>
  <system-out/>
  <testcase classname="testCases.Tc4_clickSignin" name="Signin_t2" time="10.495"/>
  <system-out/>
  <testcase classname="testCases.Tc4_clickSignin" name="Signin_t2" time="10.347"/>
  <system-out/>
  <testcase classname="testCases.Tc4_clickSignin" name="Signin_t3" time="10.427"/>
  <system-out/>
  <testcase classname="testCases.Tc4_clickSignin" name="Signin_t3" time="10.416"/>
  <system-out/>
  <testcase classname="testCases.Tc4_clickSignin" name="Signin_t4" time="16.872"/>
  <system-out/>
  <testcase classname="testCases.Tc4_clickSignin" name="Signin_t4" time="16.910"/>
  <system-out/>
  <testcase classname="testCases.Tc4_clickSignin" name="Signin_t5" time="0.176"/>
  <system-out/>
  <testcase classname="testCases.Tc4_clickSignin" name="Signin_t5" time="0.189"/>
  <system-out/>
</testsuite> <!-- testCases.Tc4_clickSignin -->
