<?xml version="1.0" encoding="UTF-8"?>
<!-- Generated by org.testng.reporters.JUnitReportReporter -->
<testsuite hostname="LTIN238012" failures="0" tests="1" name="testCases.city" time="8.469" errors="0" timestamp="2024-03-26T16:57:26 IST" skipped="0">
  <testcase classname="testCases.city" name="f" time="8.469"/>
  <system-out/>
</testsuite> <!-- testCases.city -->
