<?xml version="1.0" encoding="UTF-8"?>
<!-- Generated by org.testng.reporters.JUnitReportReporter -->
<testsuite hostname="LTIN238012" failures="0" tests="2" name="testCases.Tc1_city" time="31.755" errors="0" timestamp="2024-04-04T16:55:14 IST" skipped="0">
  <testcase classname="testCases.Tc1_city" name="City_t1" time="15.646"/>
  <system-out/>
  <testcase classname="testCases.Tc1_city" name="City_t1" time="16.109"/>
  <system-out/>
</testsuite> <!-- testCases.Tc1_city -->
